<?xml version="1.0" encoding="UTF-8"?>
<!-- Generated by org.testng.reporters.JUnitReportReporter -->
<testsuite skipped="0" hostname="Basu-PC" name="displayed.VerifyWetherDropDownValueSelected" tests="1" failures="0" timestamp="2019-10-05T23:37:08 IST" time="47.436" errors="0">
  <testcase name="SelectDDValue" time="47.436" classname="displayed.VerifyWetherDropDownValueSelected"/>
</testsuite> <!-- displayed.VerifyWetherDropDownValueSelected -->
