<?xml version="1.0" encoding="UTF-8"?>
<!-- Generated by org.testng.reporters.JUnitReportReporter -->
<testsuite skipped="0" hostname="Basu-PC" name="displayed.SelectFacebookDropDown2" tests="1" failures="0" timestamp="2019-10-05T23:53:59 IST" time="44.571" errors="0">
  <testcase name="SelectDDValue" time="44.571" classname="displayed.SelectFacebookDropDown2"/>
</testsuite> <!-- displayed.SelectFacebookDropDown2 -->
