<?xml version="1.0" encoding="UTF-8"?>
<!-- Generated by org.testng.reporters.JUnitReportReporter -->
<testsuite skipped="0" hostname="Basu-PC" name="displayed.FacebookDropdown1" tests="1" failures="0" timestamp="2019-10-06T12:21:19 IST" time="17.338" errors="0">
  <testcase name="Dropdown" time="17.338" classname="displayed.FacebookDropdown1"/>
</testsuite> <!-- displayed.FacebookDropdown1 -->
