<?xml version="1.0" encoding="UTF-8"?>
<!-- Generated by org.testng.reporters.JUnitReportReporter -->
<testsuite skipped="0" hostname="Basu-PC" name="seleniumBasic.ZoomInZoomOut" tests="1" failures="0" timestamp="2020-02-17T22:29:46 IST" time="61.327" errors="0">
  <testcase name="ZoomInZoomOutInSelenium" time="61.327" classname="seleniumBasic.ZoomInZoomOut"/>
</testsuite> <!-- seleniumBasic.ZoomInZoomOut -->
